Arguments: 
  C:\node\node.exe C:\node\node_global\node_modules\yarn\bin\yarn.js add mysql2

PATH: 
  C:\Program Files\Git\mingw64\bin;C:\Program Files\Git\usr\bin;C:\Users\Administrator\bin;C:\Windows\system32;C:\Windows;C:\Windows\System32\Wbem;C:\Windows\System32\WindowsPowerShell\v1.0;C:\Windows\System32\OpenSSH;C:\node;C:\node\node_global;C:\Program Files\Git\cmd;C:\Users\Administrator\AppData\Local\Microsoft\WindowsApps;D:\Program File\Microsoft VS Code\bin;C:\node\node_global

Yarn version: 
  1.22.10

Node version: 
  14.15.4

Platform: 
  win32 x64

Trace: 
  Error: ENOENT: no such file or directory, copyfile 'C:\Users\Administrator\AppData\Local\Yarn\Cache\v6\npm-ms-2.1.2-d09d1f357b443f493382a8eb3ccd183872ae6009-integrity\node_modules\ms\index.js' -> 'C:\Users\Administrator\Desktop\bbb\service\node_modules\sequelize\node_modules\ms\index.js'

npm manifest: 
  {
    "name": "service",
    "version": "1.0.0",
    "description": "",
    "main": "index.js",
    "scripts": {
      "test": "echo \"Error: no test specified\" && exit 1"
    },
    "keywords": [],
    "author": "",
    "license": "ISC",
    "dependencies": {
      "art-template": "^4.13.2",
      "async": "^3.2.0",
      "cookie-parser": "^1.4.5",
      "cors": "^2.8.5",
      "dateformat": "^4.5.1",
      "express": "^4.17.1",
      "express-art-template": "^1.0.1",
      "jsonwebtoken": "^8.5.1",
      "moment": "^2.29.1",
      "mysql": "^2.18.1",
      "mysql2": "^2.2.5",
      "sequelize": "^6.5.0"
    },
    "devDependencies": {
      "mysql": "^2.18.1"
    }
  }

yarn manifest: 
  No manifest

Lockfile: 
  No lockfile
